<?xml version='1.0' encoding='UTF-8'?>
<result>
  <suites>
    <suite>
      <file>D:\Hudson\jobs\MeetingSystem\workspace\report\junit\xml\TEST-sql.junit.test.TestBoardElementDataInterface.xml</file>
      <name>sql.junit.test.TestBoardElementDataInterface</name>
      <stdout>数据库连接成功
1
插入新白板:184
插入白板单元ID433java.util.ArrayList
插入白板单元ID434java.util.ArrayList
插入白板单元ID435java.util.ArrayList
删除白板1上单元435
1
插入新白板:598
已删除白板ID598
白板：598上没有图元，数量为0
</stdout>
      <stderr></stderr>
      <duration>1.437</duration>
      <timestamp>2012-06-07T10:43:23</timestamp>
      <cases>
        <case>
          <duration>0.721</duration>
          <className>sql.junit.test.TestBoardElementDataInterface</className>
          <testName>testNewBoard</testName>
          <skipped>false</skipped>
          <failedSince>0</failedSince>
        </case>
        <case>
          <duration>0.04</duration>
          <className>sql.junit.test.TestBoardElementDataInterface</className>
          <testName>testwriteNewImgeData</testName>
          <skipped>false</skipped>
          <failedSince>0</failedSince>
        </case>
        <case>
          <duration>0.029</duration>
          <className>sql.junit.test.TestBoardElementDataInterface</className>
          <testName>testReadImageData</testName>
          <skipped>false</skipped>
          <failedSince>0</failedSince>
        </case>
        <case>
          <duration>0.048</duration>
          <className>sql.junit.test.TestBoardElementDataInterface</className>
          <testName>testGetNewestID</testName>
          <skipped>false</skipped>
          <failedSince>0</failedSince>
        </case>
        <case>
          <duration>0.0040</duration>
          <className>sql.junit.test.TestBoardElementDataInterface</className>
          <testName>testGetUpdateList</testName>
          <skipped>false</skipped>
          <failedSince>0</failedSince>
        </case>
        <case>
          <duration>0.407</duration>
          <className>sql.junit.test.TestBoardElementDataInterface</className>
          <testName>testDeleteImageData</testName>
          <skipped>false</skipped>
          <failedSince>0</failedSince>
        </case>
        <case>
          <duration>0.0030</duration>
          <className>sql.junit.test.TestBoardElementDataInterface</className>
          <testName>testGetBoardIDList</testName>
          <skipped>false</skipped>
          <failedSince>0</failedSince>
        </case>
        <case>
          <duration>0.185</duration>
          <className>sql.junit.test.TestBoardElementDataInterface</className>
          <testName>testDeleteBoard</testName>
          <skipped>false</skipped>
          <failedSince>0</failedSince>
        </case>
      </cases>
    </suite>
    <suite>
      <file>D:\Hudson\jobs\MeetingSystem\workspace\report\junit\xml\TEST-sql.junit.test.TestChatWriterInterface.xml</file>
      <name>sql.junit.test.TestChatWriterInterface</name>
      <stdout></stdout>
      <stderr></stderr>
      <duration>0.0010</duration>
      <timestamp>2012-06-07T10:43:26</timestamp>
      <cases>
        <case>
          <duration>0.0010</duration>
          <className>sql.junit.test.TestChatWriterInterface</className>
          <testName>testWriteRecord</testName>
          <skipped>false</skipped>
          <failedSince>0</failedSince>
        </case>
      </cases>
    </suite>
    <suite>
      <file>D:\Hudson\jobs\MeetingSystem\workspace\report\junit\xml\TEST-sql.junit.test.TestMeetingDataInterface.xml</file>
      <name>sql.junit.test.TestMeetingDataInterface</name>
      <stdout>数据库连接成功
插入新会议成功
会议1已结束
查询会议ID9
查询会议ID9
</stdout>
      <stderr></stderr>
      <duration>0.43600002</duration>
      <timestamp>2012-06-07T10:43:26</timestamp>
      <cases>
        <case>
          <duration>0.4</duration>
          <className>sql.junit.test.TestMeetingDataInterface</className>
          <testName>testInsertMeeting</testName>
          <skipped>false</skipped>
          <failedSince>0</failedSince>
        </case>
        <case>
          <duration>0.029</duration>
          <className>sql.junit.test.TestMeetingDataInterface</className>
          <testName>testupdateMeeting</testName>
          <skipped>false</skipped>
          <failedSince>0</failedSince>
        </case>
        <case>
          <duration>0.0020</duration>
          <className>sql.junit.test.TestMeetingDataInterface</className>
          <testName>testgetLastMeetingID</testName>
          <skipped>false</skipped>
          <failedSince>0</failedSince>
        </case>
        <case>
          <duration>0.0050</duration>
          <className>sql.junit.test.TestMeetingDataInterface</className>
          <testName>testcheckLastMeeting</testName>
          <skipped>false</skipped>
          <failedSince>0</failedSince>
        </case>
      </cases>
    </suite>
    <suite>
      <file>D:\Hudson\jobs\MeetingSystem\workspace\report\junit\xml\TEST-sql.junit.test.TestUserIndentifyInterface.xml</file>
      <name>sql.junit.test.TestUserIndentifyInterface</name>
      <stdout>数据库连接成功
密码查询成功
</stdout>
      <stderr></stderr>
      <duration>0.306</duration>
      <timestamp>2012-06-07T10:43:27</timestamp>
      <cases>
        <case>
          <duration>0.306</duration>
          <className>sql.junit.test.TestUserIndentifyInterface</className>
          <testName>testcheckUser</testName>
          <skipped>false</skipped>
          <failedSince>0</failedSince>
        </case>
      </cases>
    </suite>
  </suites>
  <duration>2.18</duration>
  <keepLongStdio>false</keepLongStdio>
</result>